<?xml version="1.0" encoding="utf-8"?><testsuites name="pytest tests"><testsuite name="pytest" errors="0" failures="0" skipped="0" tests="125" time="0.451" timestamp="2026-08-04T22:30:43.613752+00:00" hostname="pop-os"><testcase classname="tests.acceptance.test_duplicates_acceptance" name="test_matching_against_a_single_existing_claim[HO-1234567-2026-06-01-fire-[&quot;CLM-1001&quot;]]" time="0.047" /><testcase classname="tests.acceptance.test_duplicates_acceptance" name="test_matching_against_a_single_existing_claim[HO-1234567-2026-06-04-fire-[&quot;CLM-1001&quot;]]" time="0.002" /><testcase classname="tests.acceptance.test_duplicates_acceptance" name="test_matching_against_a_single_existing_claim[HO-1234567-2026-05-29-fire-[&quot;CLM-1001&quot;]]" time="0.002" /><testcase classname="tests.acceptance.test_duplicates_acceptance" name="test_matching_against_a_single_existing_claim[HO-1234567-2026-06-05-fire-[]]" time="0.002" /><testcase classname="tests.acceptance.test_duplicates_acceptance" name="test_matching_against_a_single_existing_claim[HO-1234567-2026-05-28-fire-[]]" time="0.002" /><testcase classname="tests.acceptance.test_duplicates_acceptance" name="test_matching_against_a_single_existing_claim[AU-7654321-2026-06-01-fire-[]]" time="0.002" /><testcase classname="tests.acceptance.test_duplicates_acceptance" name="test_matching_against_a_single_existing_claim[HO-1234567-2026-06-01-water_damage-[]]" time="0.002" /><testcase classname="tests.acceptance.test_duplicates_acceptance" name="test_two_existing_claims_both_match_the_candidate" time="0.002" /><testcase classname="tests.acceptance.test_siu_flags_acceptance" name="test_late_reporting_threshold[2026-07-03-false]" time="0.002" /><testcase classname="tests.acceptance.test_siu_flags_acceptance" name="test_late_reporting_threshold[2026-07-02-true]" time="0.002" /><testcase classname="tests.acceptance.test_siu_flags_acceptance" name="test_late_reporting_threshold[2026-07-28-false]" time="0.002" /><testcase classname="tests.acceptance.test_siu_flags_acceptance" name="test_late_reporting_threshold[2026-05-04-true]" time="0.002" /><testcase classname="tests.acceptance.test_siu_flags_acceptance" name="test_late_reporting_threshold[2025-06-28-true]" time="0.002" /><testcase classname="tests.acceptance.test_siu_flags_acceptance" name="test_recent_policy_inception_threshold[2026-06-15-true]" time="0.002" /><testcase classname="tests.acceptance.test_siu_flags_acceptance" name="test_recent_policy_inception_threshold[2026-05-16-true]" time="0.002" /><testcase classname="tests.acceptance.test_siu_flags_acceptance" name="test_recent_policy_inception_threshold[2026-05-15-false]" time="0.002" /><testcase classname="tests.acceptance.test_siu_flags_acceptance" name="test_recent_policy_inception_threshold[2026-06-10-true]" time="0.002" /><testcase classname="tests.acceptance.test_siu_flags_acceptance" name="test_recent_policy_inception_threshold[2026-03-17-false]" time="0.002" /><testcase classname="tests.acceptance.test_siu_flags_acceptance" name="test_both_siu_indicators_fire_together" time="0.002" /><testcase classname="tests.acceptance.test_triage_acceptance" name="test_severity_by_loss_type[injury-high]" time="0.001" /><testcase classname="tests.acceptance.test_triage_acceptance" name="test_severity_by_loss_type[fire-high]" time="0.002" /><testcase classname="tests.acceptance.test_triage_acceptance" name="test_severity_by_loss_type[water_damage-standard]" time="0.002" /><testcase classname="tests.acceptance.test_triage_acceptance" name="test_severity_by_loss_type[wind_hail-standard]" time="0.002" /><testcase classname="tests.acceptance.test_triage_acceptance" name="test_severity_by_loss_type[vandalism-standard]" time="0.001" /><testcase classname="tests.acceptance.test_triage_acceptance" name="test_severity_by_loss_type[liability-standard]" time="0.002" /><testcase classname="tests.acceptance.test_triage_acceptance" name="test_severity_by_loss_type[auto_collision-standard]" time="0.001" /><testcase classname="tests.acceptance.test_triage_acceptance" name="test_severity_by_loss_type[auto_comprehensive-standard]" time="0.001" /><testcase classname="tests.acceptance.test_triage_acceptance" name="test_theft_severity_by_loss_amount[499.99-low]" time="0.003" /><testcase classname="tests.acceptance.test_triage_acceptance" name="test_theft_severity_by_loss_amount[500.00-standard]" time="0.002" /><testcase classname="tests.acceptance.test_triage_acceptance" name="test_theft_severity_by_loss_amount[500.01-standard]" time="0.002" /><testcase classname="tests.acceptance.test_triage_acceptance" name="test_queue_routing[low-false-false-fast_track]" time="0.002" /><testcase classname="tests.acceptance.test_triage_acceptance" name="test_queue_routing[standard-false-false-standard]" time="0.002" /><testcase classname="tests.acceptance.test_triage_acceptance" name="test_queue_routing[high-false-false-complex]" time="0.002" /><testcase classname="tests.acceptance.test_triage_acceptance" name="test_queue_routing[low-true-false-siu_review]" time="0.004" /><testcase classname="tests.acceptance.test_triage_acceptance" name="test_queue_routing[standard-false-true-siu_review]" time="0.002" /><testcase classname="tests.acceptance.test_triage_acceptance" name="test_queue_routing[high-true-true-siu_review]" time="0.002" /><testcase classname="tests.acceptance.test_triage_acceptance" name="test_from_raw_record_to_queue[theft-400.00-2026-08-01-2024-01-01-low-fast_track]" time="0.002" /><testcase classname="tests.acceptance.test_triage_acceptance" name="test_from_raw_record_to_queue[theft-400.00-2026-06-15-2024-01-01-low-siu_review]" time="0.002" /><testcase classname="tests.acceptance.test_triage_acceptance" name="test_from_raw_record_to_queue[fire-50000-2026-08-01-2024-01-01-high-complex]" time="0.002" /><testcase classname="tests.acceptance.test_triage_acceptance" name="test_from_raw_record_to_queue[fire-50000-2026-08-01-2026-07-20-high-siu_review]" time="0.003" /><testcase classname="tests.acceptance.test_triage_acceptance" name="test_from_raw_record_to_queue[water_damage-400.00-2026-08-01-2024-01-01-standard-standard]" time="0.002" /><testcase classname="tests.acceptance.test_validation_acceptance" name="test_loss_date_acceptable_window_relative_to_today[2026-08-03-invalid]" time="0.002" /><testcase classname="tests.acceptance.test_validation_acceptance" name="test_loss_date_acceptable_window_relative_to_today[2026-08-02-valid]" time="0.002" /><testcase classname="tests.acceptance.test_validation_acceptance" name="test_loss_date_acceptable_window_relative_to_today[2026-08-01-valid]" time="0.002" /><testcase classname="tests.acceptance.test_validation_acceptance" name="test_loss_date_acceptable_window_relative_to_today[2025-08-02-valid]" time="0.002" /><testcase classname="tests.acceptance.test_validation_acceptance" name="test_loss_date_acceptable_window_relative_to_today[2025-08-01-invalid]" time="0.002" /><testcase classname="tests.acceptance.test_validation_acceptance" name="test_policy_number_format[HO-1234567-valid]" time="0.002" /><testcase classname="tests.acceptance.test_validation_acceptance" name="test_policy_number_format[AU-1234567-valid]" time="0.002" /><testcase classname="tests.acceptance.test_validation_acceptance" name="test_policy_number_format[CP-1234567-valid]" time="0.002" /><testcase classname="tests.acceptance.test_validation_acceptance" name="test_policy_number_format[CA-1234567-valid]" time="0.002" /><testcase classname="tests.acceptance.test_validation_acceptance" name="test_policy_number_format[GL-1234567-valid]" time="0.002" /><testcase classname="tests.acceptance.test_validation_acceptance" name="test_policy_number_format[XX-1234567-invalid]" time="0.002" /><testcase classname="tests.acceptance.test_validation_acceptance" name="test_policy_number_format[HO-123456-invalid]" time="0.002" /><testcase classname="tests.acceptance.test_validation_acceptance" name="test_policy_number_format[HO-12345678-invalid]" time="0.002" /><testcase classname="tests.acceptance.test_validation_acceptance" name="test_policy_number_format[ho-1234567-invalid]" time="0.002" /><testcase classname="tests.acceptance.test_validation_acceptance" name="test_policy_number_format[HO1234567-invalid]" time="0.002" /><testcase classname="tests.acceptance.test_validation_acceptance" name="test_policy_number_format[HO-ABCDEFG-invalid]" time="0.002" /><testcase classname="tests.acceptance.test_validation_acceptance" name="test_required_fields_for_an_injury_loss[Jane Doe-555-0100-Twisted ankle, wet floor-valid-none]" time="0.004" /><testcase classname="tests.acceptance.test_validation_acceptance" name="test_required_fields_for_an_injury_loss[-555-0100-Twisted ankle, wet floor-invalid-injured_party_name]" time="0.003" /><testcase classname="tests.acceptance.test_validation_acceptance" name="test_required_fields_for_an_injury_loss[Jane Doe--Twisted ankle, wet floor-invalid-injured_party_contact]" time="0.003" /><testcase classname="tests.acceptance.test_validation_acceptance" name="test_required_fields_for_an_injury_loss[Jane Doe-555-0100--invalid-injury_description]" time="0.003" /><testcase classname="tests.acceptance.test_validation_acceptance" name="test_noninjury_losses_do_not_require_injuredparty_details" time="0.003" /><testcase classname="tests.unit.test_duplicates" name="test_matching_against_a_single_existing_claim[HO-1234567-loss_date0-fire-expected_matches0]" time="0.001" /><testcase classname="tests.unit.test_duplicates" name="test_matching_against_a_single_existing_claim[HO-1234567-loss_date1-fire-expected_matches1]" time="0.001" /><testcase classname="tests.unit.test_duplicates" name="test_matching_against_a_single_existing_claim[HO-1234567-loss_date2-fire-expected_matches2]" time="0.001" /><testcase classname="tests.unit.test_duplicates" name="test_matching_against_a_single_existing_claim[HO-1234567-loss_date3-fire-expected_matches3]" time="0.001" /><testcase classname="tests.unit.test_duplicates" name="test_matching_against_a_single_existing_claim[HO-1234567-loss_date4-fire-expected_matches4]" time="0.001" /><testcase classname="tests.unit.test_duplicates" name="test_matching_against_a_single_existing_claim[AU-7654321-loss_date5-fire-expected_matches5]" time="0.001" /><testcase classname="tests.unit.test_duplicates" name="test_matching_against_a_single_existing_claim[HO-1234567-loss_date6-water_damage-expected_matches6]" time="0.001" /><testcase classname="tests.unit.test_duplicates" name="test_matches_are_returned_in_ascending_order_regardless_of_input_order" time="0.000" /><testcase classname="tests.unit.test_siu" name="test_late_reporting_threshold[loss_date0-False]" time="0.001" /><testcase classname="tests.unit.test_siu" name="test_late_reporting_threshold[loss_date1-True]" time="0.001" /><testcase classname="tests.unit.test_siu" name="test_late_reporting_threshold[loss_date2-False]" time="0.001" /><testcase classname="tests.unit.test_siu" name="test_late_reporting_threshold[loss_date3-True]" time="0.001" /><testcase classname="tests.unit.test_siu" name="test_late_reporting_threshold[loss_date4-True]" time="0.001" /><testcase classname="tests.unit.test_siu" name="test_recent_policy_inception_threshold[inception_date0-True]" time="0.001" /><testcase classname="tests.unit.test_siu" name="test_recent_policy_inception_threshold[inception_date1-True]" time="0.001" /><testcase classname="tests.unit.test_siu" name="test_recent_policy_inception_threshold[inception_date2-False]" time="0.001" /><testcase classname="tests.unit.test_siu" name="test_recent_policy_inception_threshold[inception_date3-True]" time="0.001" /><testcase classname="tests.unit.test_siu" name="test_recent_policy_inception_threshold[inception_date4-False]" time="0.001" /><testcase classname="tests.unit.test_siu" name="test_recent_policy_inception_is_false_when_no_inception_date_known" time="0.000" /><testcase classname="tests.unit.test_siu" name="test_both_indicators_can_fire_together" time="0.000" /><testcase classname="tests.unit.test_triage" name="test_severity_by_loss_type[injury-high]" time="0.001" /><testcase classname="tests.unit.test_triage" name="test_severity_by_loss_type[fire-high]" time="0.001" /><testcase classname="tests.unit.test_triage" name="test_severity_by_loss_type[water_damage-standard]" time="0.001" /><testcase classname="tests.unit.test_triage" name="test_severity_by_loss_type[wind_hail-standard]" time="0.001" /><testcase classname="tests.unit.test_triage" name="test_severity_by_loss_type[vandalism-standard]" time="0.001" /><testcase classname="tests.unit.test_triage" name="test_severity_by_loss_type[liability-standard]" time="0.001" /><testcase classname="tests.unit.test_triage" name="test_severity_by_loss_type[auto_collision-standard]" time="0.001" /><testcase classname="tests.unit.test_triage" name="test_severity_by_loss_type[auto_comprehensive-standard]" time="0.001" /><testcase classname="tests.unit.test_triage" name="test_theft_severity_by_loss_amount[loss_amount0-low]" time="0.001" /><testcase classname="tests.unit.test_triage" name="test_theft_severity_by_loss_amount[loss_amount1-standard]" time="0.001" /><testcase classname="tests.unit.test_triage" name="test_theft_severity_by_loss_amount[loss_amount2-standard]" time="0.001" /><testcase classname="tests.unit.test_triage" name="test_non_theft_loss_under_theft_threshold_is_not_low_severity" time="0.000" /><testcase classname="tests.unit.test_triage" name="test_queue_routing[low-False-False-fast_track]" time="0.001" /><testcase classname="tests.unit.test_triage" name="test_queue_routing[standard-False-False-standard]" time="0.001" /><testcase classname="tests.unit.test_triage" name="test_queue_routing[high-False-False-complex]" time="0.001" /><testcase classname="tests.unit.test_triage" name="test_queue_routing[low-True-False-siu_review]" time="0.001" /><testcase classname="tests.unit.test_triage" name="test_queue_routing[standard-False-True-siu_review]" time="0.001" /><testcase classname="tests.unit.test_triage" name="test_queue_routing[high-True-True-siu_review]" time="0.001" /><testcase classname="tests.unit.test_triage" name="test_triage_and_route_end_to_end[theft-loss_amount0-loss_date0-inception_date0-low-fast_track]" time="0.001" /><testcase classname="tests.unit.test_triage" name="test_triage_and_route_end_to_end[theft-loss_amount1-loss_date1-inception_date1-low-siu_review]" time="0.001" /><testcase classname="tests.unit.test_triage" name="test_triage_and_route_end_to_end[fire-loss_amount2-loss_date2-inception_date2-high-complex]" time="0.001" /><testcase classname="tests.unit.test_triage" name="test_triage_and_route_end_to_end[fire-loss_amount3-loss_date3-inception_date3-high-siu_review]" time="0.001" /><testcase classname="tests.unit.test_validation" name="test_loss_date_window[loss_date0-False]" time="0.001" /><testcase classname="tests.unit.test_validation" name="test_loss_date_window[loss_date1-True]" time="0.001" /><testcase classname="tests.unit.test_validation" name="test_loss_date_window[loss_date2-True]" time="0.001" /><testcase classname="tests.unit.test_validation" name="test_loss_date_window[loss_date3-True]" time="0.001" /><testcase classname="tests.unit.test_validation" name="test_loss_date_window[loss_date4-False]" time="0.001" /><testcase classname="tests.unit.test_validation" name="test_policy_number_format[HO-1234567-True]" time="0.001" /><testcase classname="tests.unit.test_validation" name="test_policy_number_format[AU-1234567-True]" time="0.001" /><testcase classname="tests.unit.test_validation" name="test_policy_number_format[CP-1234567-True]" time="0.001" /><testcase classname="tests.unit.test_validation" name="test_policy_number_format[CA-1234567-True]" time="0.001" /><testcase classname="tests.unit.test_validation" name="test_policy_number_format[GL-1234567-True]" time="0.001" /><testcase classname="tests.unit.test_validation" name="test_policy_number_format[XX-1234567-False]" time="0.001" /><testcase classname="tests.unit.test_validation" name="test_policy_number_format[HO-123456-False]" time="0.001" /><testcase classname="tests.unit.test_validation" name="test_policy_number_format[HO-12345678-False]" time="0.001" /><testcase classname="tests.unit.test_validation" name="test_policy_number_format[ho-1234567-False]" time="0.001" /><testcase classname="tests.unit.test_validation" name="test_policy_number_format[HO1234567-False]" time="0.001" /><testcase classname="tests.unit.test_validation" name="test_policy_number_format[HO-ABCDEFG-False]" time="0.001" /><testcase classname="tests.unit.test_validation" name="test_injury_required_fields[Jane Doe-555-0100-Twisted ankle, wet floor-True-None]" time="0.002" /><testcase classname="tests.unit.test_validation" name="test_injury_required_fields[-555-0100-Twisted ankle, wet floor-False-injured_party_name]" time="0.001" /><testcase classname="tests.unit.test_validation" name="test_injury_required_fields[Jane Doe--Twisted ankle, wet floor-False-injured_party_contact]" time="0.001" /><testcase classname="tests.unit.test_validation" name="test_injury_required_fields[Jane Doe-555-0100--False-injury_description]" time="0.001" /><testcase classname="tests.unit.test_validation" name="test_non_injury_loss_does_not_require_injured_party_details" time="0.000" /></testsuite></testsuites>